Pasta-mãe: C:\Users\User\Desktop\Batmen
Poker App: https://poker-app-production-34a7.up.railway.app
MODO: TESTE (dry-run) — NADA é enviado nem movido.
       Confirma o plano abaixo; depois corre com --ao-vivo.
JANELA de IMAGENS: nenhuma — entra tudo (it/manual/lobby).
────────────────────────────────────────────────────────

[--only it] a correr SÓ este canal; os outros são saltados.
── it/  (Intuitive Tables — routing por nome)  — 22 ficheiro(s)
   [dry] LOBBY site=GGPoker   captured_at=2026-07-09T19:04:11  → /api/lobbys/upload name_hint='$54 Bounty Hunters Daily Main [Classic]'  (GGnet.exe-$54 Bounty Hunters Daily Main [Classic]-20260709190411-34.png)
   [dry] LOBBY site=GGPoker   captured_at=2026-07-09T19:17:40  → /api/lobbys/upload name_hint='$54 Bounty Hunters Daily Main [Classic]'  (GGnet.exe-$54 Bounty Hunters Daily Main [Classic]-20260709191740-47.png)
   [dry] LOBBY site=GGPoker   captured_at=2026-07-09T20:05:21  → /api/lobbys/upload name_hint='$54 Bounty Hunters Daily Main [Classic]'  (GGnet.exe-$54 Bounty Hunters Daily Main [Classic]-20260709200521-69.png)
   [dry] LOBBY site=GGPoker   captured_at=2026-07-09T20:32:03  → /api/lobbys/upload name_hint='Daily Hyper $50'  (GGnet.exe-Daily Hyper $50-20260709203203-76.png)
   [dry] LOBBY site=GGPoker   captured_at=2026-07-09T18:52:03  → /api/lobbys/upload name_hint='Daily Hyper $60'  (GGnet.exe-Daily Hyper $60-20260709185203-28.png)
   [dry] LOBBY site=GGPoker   captured_at=2026-07-09T18:25:10  → /api/lobbys/upload name_hint='Daily Hyper $80'  (GGnet.exe-Daily Hyper $80-20260709182510-22.png)
   [dry] LOBBY site=GGPoker   captured_at=2026-07-09T19:09:14  → /api/lobbys/upload name_hint='Daily Hyper $80'  (GGnet.exe-Daily Hyper $80-20260709190914-39.png)
   [dry] LOBBY site=GGPoker   captured_at=2026-07-09T19:12:33  → /api/lobbys/upload name_hint='Daily Hyper $80'  (GGnet.exe-Daily Hyper $80-20260709191233-41.png)
   [dry] LOBBY site=GGPoker   captured_at=2026-07-09T19:13:56  → /api/lobbys/upload name_hint='Daily Hyper $80'  (GGnet.exe-Daily Hyper $80-20260709191356-43.png)
   [dry] LOBBY site=GGPoker   captured_at=2026-07-09T19:37:34  → /api/lobbys/upload name_hint='Daily Special $88'  (GGnet.exe-Daily Special $88-20260709193734-58.png)
   [dry] LOBBY site=GGPoker   captured_at=2026-07-09T19:23:51  → /api/lobbys/upload name_hint='Speed Racer Bounty $108 [10 BB]'  (GGnet.exe-Speed Racer Bounty $108 [10 BB]-20260709192351-51.png)
   [dry] LOBBY site=GGPoker   captured_at=2026-07-09T19:35:19  → /api/lobbys/upload name_hint='Speed Racer Bounty $108 [10 BB]'  (GGnet.exe-Speed Racer Bounty $108 [10 BB]-20260709193519-54.png)
   [dry] LOBBY site=GGPoker   captured_at=2026-07-09T18:25:22  → /api/lobbys/upload name_hint='Speed Racer Bounty $32 [10 BB]'  (GGnet.exe-Speed Racer Bounty $32 [10 BB]-20260709182522-23.png)
   [dry] LOBBY site=GGPoker   captured_at=2026-07-09T19:16:38  → /api/lobbys/upload name_hint='Speed Racer Bounty $32 [10 BB]'  (GGnet.exe-Speed Racer Bounty $32 [10 BB]-20260709191638-45.png)
   [dry] LOBBY site=GGPoker   captured_at=2026-07-09T20:19:43  → /api/lobbys/upload name_hint='Speed Racer Bounty Europe $108 [10 BB]'  (GGnet.exe-Speed Racer Bounty Europe $108 [10 BB]-20260709201943-73.png)
   [dry] LOBBY site=Winamax   captured_at=2026-07-09T19:02:23  → /api/lobbys/upload  (Winamax.exe-Winamax-20260709190223-32.png)
   [dry] LOBBY site=Winamax   captured_at=2026-07-09T19:04:59  → /api/lobbys/upload  (Winamax.exe-Winamax-20260709190459-36.png)
   [dry] LOBBY site=Winamax   captured_at=2026-07-09T19:22:45  → /api/lobbys/upload  (Winamax.exe-Winamax-20260709192245-49.png)
   [dry] LOBBY site=Winamax   captured_at=2026-07-09T19:36:39  → /api/lobbys/upload  (Winamax.exe-Winamax-20260709193639-56.png)
   [dry] LOBBY site=Winamax   captured_at=2026-07-09T19:39:34  → /api/lobbys/upload  (Winamax.exe-Winamax-20260709193934-60.png)
   [dry] LOBBY site=Winamax   captured_at=2026-07-09T20:19:06  → /api/lobbys/upload  (Winamax.exe-Winamax-20260709201906-71.png)
   [dry] LOBBY site=Winamax   captured_at=2026-07-09T20:41:08  → /api/lobbys/upload  (Winamax.exe-Winamax-20260709204108-79.png)
── it/ICM  (Intuitive Tables — routing por nome  tag=icm)  — 15 ficheiro(s)
   [dry] MESA  site=GGPoker   captured_at=2026-07-09T17:20:55  → /api/table-ss/upload folder_tag=icm  (GGPoker-Daily Hyper $50 _ Buy-in $50 - Blinds 200 _ 400 - Table 6_!)@(#_$&%^_6163308722-20260709172055-4.png)
   [dry] MESA  site=GGPoker   captured_at=2026-07-09T17:22:01  → /api/table-ss/upload folder_tag=icm  (GGPoker-Daily Hyper $50 _ Buy-in $50 - Blinds 250 _ 500 - Table 6_!)@(#_$&%^_6163308778-20260709172201-6.png)
   [dry] MESA  site=GGPoker   captured_at=2026-07-09T20:31:56  → /api/table-ss/upload folder_tag=icm  (GGPoker-Daily Hyper $50 _ Buy-in $50 - Blinds 400 _ 800 - Table 22_!)@(#_$&%^_6165119810-20260709203156-75.png)
   [dry] MESA  site=GGPoker   captured_at=2026-07-09T17:38:24  → /api/table-ss/upload folder_tag=icm  (GGPoker-Daily Hyper $50 _ Buy-in $50 - Blinds 600 _ 1,200 - Table 6_!)@(#_$&%^_6164459461-20260709173824-8.png)
   [dry] MESA  site=GGPoker   captured_at=2026-07-09T18:51:58  → /api/table-ss/upload folder_tag=icm  (GGPoker-Daily Hyper $60 _ Buy-in $60 - Blinds 1,750 _ 3,500 - Table 19_!)@(#_$&%^_6164679955-20260709185158-27.png)
   [dry] MESA  site=GGPoker   captured_at=2026-07-09T18:54:26  → /api/table-ss/upload folder_tag=icm  (GGPoker-Daily Hyper $60 _ Buy-in $60 - Blinds 1,750 _ 3,500 - Table 19_!)@(#_$&%^_6164680037-20260709185426-30.png)
   [dry] MESA  site=GGPoker   captured_at=2026-07-09T18:15:45  → /api/table-ss/upload folder_tag=icm  (GGPoker-Daily Hyper $60 _ Buy-in $60 - Blinds 175 _ 350 - Table 5_!)@(#_$&%^_6164154473-20260709181545-18.png)
   [dry] MESA  site=GGPoker   captured_at=2026-07-09T19:09:09  → /api/table-ss/upload folder_tag=icm  (GGPoker-Daily Hyper $80 _ Buy-in $80 - Blinds 100 _ 200 - Table 3_!)@(#_$&%^_6163744570-20260709190909-38.png)
   [dry] MESA  site=GGPoker   captured_at=2026-07-09T17:09:02  → /api/table-ss/upload folder_tag=icm  (GGPoker-Daily Hyper $80 _ Buy-in $80 - Blinds 100 _ 200 - Table 5_!)@(#_$&%^_6164329811-20260709170902-1.png)
   [dry] MESA  site=GGPoker   captured_at=2026-07-09T19:12:04  → /api/table-ss/upload folder_tag=icm  (GGPoker-Daily Hyper $80 _ Buy-in $80 - Blinds 125 _ 250 - Table 3_!)@(#_$&%^_6163744665-20260709191204-40.png)
   [dry] MESA  site=GGPoker   captured_at=2026-07-09T19:13:46  → /api/table-ss/upload folder_tag=icm  (GGPoker-Daily Hyper $80 _ Buy-in $80 - Blinds 150 _ 300 - Table 3_!)@(#_$&%^_6163744719-20260709191346-42.png)
   [dry] MESA  site=GGPoker   captured_at=2026-07-09T17:19:22  → /api/table-ss/upload folder_tag=icm  (GGPoker-Daily Hyper $80 _ Buy-in $80 - Blinds 200 _ 400 - Table 5_!)@(#_$&%^_6164330368-20260709171922-3.png)
   [dry] MESA  site=GGPoker   captured_at=2026-07-09T19:37:21  → /api/table-ss/upload folder_tag=icm  (GGPoker-Daily Special $88 _ Buy-in $88 - Blinds 500 _ 1,000 - Table 20_!)@(#_$&%^_6162937781-20260709193721-57.png)
   [dry] MESA  site=GGPoker   captured_at=2026-07-09T19:40:21  → /api/table-ss/upload folder_tag=icm  (GGPoker-Daily Special $88 _ Buy-in $88 - Blinds 500 _ 1,000 - Table 20_!)@(#_$&%^_6162937851-20260709194021-62.png)
   [dry] MESA  site=GGPoker   captured_at=2026-07-09T17:38:20  → /api/table-ss/upload folder_tag=icm  (GGPoker-Speed Racer Bounty $32 [10 BB] _ Buy-in $32 - Blinds 1,500 _ 3,000 - Table 22_!)@(#_$&%^_6164048323-20260709173820-7.png)
── it/ICM FT  (Intuitive Tables — routing por nome  tag=icm-ft)  — 0 ficheiro(s)
── it/ICM PKO  (Intuitive Tables — routing por nome  tag=icm-pko)  — 31 ficheiro(s)
   [dry] MESA  site=GGPoker   captured_at=2026-07-09T22:25:17  → /api/table-ss/upload folder_tag=icm-pko  (GGPoker-$54 Bounty Hunters Daily Main [Classic] _ Buy-in $54 - Blinds 12,500 _ 25,000 - Table 203_!)@(#_$&%^-20260709222517-89.png)
   [dry] MESA  site=GGPoker   captured_at=2026-07-09T22:26:32  → /api/table-ss/upload folder_tag=icm-pko  (GGPoker-$54 Bounty Hunters Daily Main [Classic] _ Buy-in $54 - Blinds 12,500 _ 25,000 - Table 203_!)@(#_$&%^-20260709222632-90.png)
   [dry] MESA  site=GGPoker   captured_at=2026-07-09T22:31:41  → /api/table-ss/upload folder_tag=icm-pko  (GGPoker-$54 Bounty Hunters Daily Main [Classic] _ Buy-in $54 - Blinds 15,000 _ 30,000 - Table 203_!)@(#_$&%^-20260709223141-92.png)
   [dry] MESA  site=GGPoker   captured_at=2026-07-09T21:14:09  → /api/table-ss/upload folder_tag=icm-pko  (GGPoker-$54 Bounty Hunters Daily Main [Classic] _ Buy-in $54 - Blinds 2,500 _ 5,000 - Table 149_!)@(#_$&%^_6-20260709211409-82.png)
   [dry] MESA  site=GGPoker   captured_at=2026-07-09T22:48:44  → /api/table-ss/upload folder_tag=icm-pko  (GGPoker-$54 Bounty Hunters Daily Main [Classic] _ Buy-in $54 - Blinds 20,000 _ 40,000 - Table 203_!)@(#_$&%^-20260709224844-93.png)
   [dry] MESA  site=GGPoker   captured_at=2026-07-09T22:53:47  → /api/table-ss/upload folder_tag=icm-pko  (GGPoker-$54 Bounty Hunters Daily Main [Classic] _ Buy-in $54 - Blinds 25,000 _ 50,000 - Table 203_!)@(#_$&%^-20260709225347-94.png)
   [dry] MESA  site=GGPoker   captured_at=2026-07-09T22:54:10  → /api/table-ss/upload folder_tag=icm-pko  (GGPoker-$54 Bounty Hunters Daily Main [Classic] _ Buy-in $54 - Blinds 25,000 _ 50,000 - Table 203_!)@(#_$&%^-20260709225410-95.png)
   [dry] MESA  site=GGPoker   captured_at=2026-07-09T23:15:59  → /api/table-ss/upload folder_tag=icm-pko  (GGPoker-$54 Bounty Hunters Daily Main [Classic] _ Buy-in $54 - Blinds 35,000 _ 70,000 - Table 203_!)@(#_$&%^-20260709231559-96.png)
   [dry] MESA  site=GGPoker   captured_at=2026-07-09T19:03:38  → /api/table-ss/upload folder_tag=icm-pko  (GGPoker-$54 Bounty Hunters Daily Main [Classic] _ Buy-in $54 - Blinds 350 _ 700 - Table 149_!)@(#_$&%^_61638-20260709190338-33.png)
   [dry] MESA  site=GGPoker   captured_at=2026-07-09T21:36:14  → /api/table-ss/upload folder_tag=icm-pko  (GGPoker-$54 Bounty Hunters Daily Main [Classic] _ Buy-in $54 - Blinds 4,000 _ 8,000 - Table 149_!)@(#_$&%^_6-20260709213614-83.png)
   [dry] MESA  site=GGPoker   captured_at=2026-07-09T19:17:35  → /api/table-ss/upload folder_tag=icm-pko  (GGPoker-$54 Bounty Hunters Daily Main [Classic] _ Buy-in $54 - Blinds 400 _ 800 - Table 149_!)@(#_$&%^_61638-20260709191735-46.png)
   [dry] MESA  site=GGPoker   captured_at=2026-07-09T20:05:16  → /api/table-ss/upload folder_tag=icm-pko  (GGPoker-$54 Bounty Hunters Daily Main [Classic] _ Buy-in $54 - Blinds 700 _ 1,400 - Table 149_!)@(#_$&%^_616-20260709200516-68.png)
   [dry] MESA  site=GGPoker   captured_at=2026-07-09T22:06:56  → /api/table-ss/upload folder_tag=icm-pko  (GGPoker-$54 Bounty Hunters Daily Main [Classic] _ Buy-in $54 - Blinds 8,000 _ 16,000 - Table 149_!)@(#_$&%^-20260709220656-86.png)
   [dry] MESA  site=GGPoker   captured_at=2026-07-09T22:08:00  → /api/table-ss/upload folder_tag=icm-pko  (GGPoker-$54 Bounty Hunters Daily Main [Classic] _ Buy-in $54 - Blinds 8,000 _ 16,000 - Table 149_!)@(#_$&%^-20260709220800-87.png)
   [dry] MESA  site=Winamax   captured_at=2026-07-09T19:04:43  → /api/table-ss/upload folder_tag=icm-pko  (Winamax-Winamax EXPLORER(1125212607)(#026)-20260709190443-35.png)
   [dry] MESA  site=Winamax   captured_at=2026-07-09T19:22:36  → /api/table-ss/upload folder_tag=icm-pko  (Winamax-Winamax EXPLORER(1125212607)(#026)-20260709192236-48.png)
   [dry] MESA  site=Winamax   captured_at=2026-07-09T19:36:25  → /api/table-ss/upload folder_tag=icm-pko  (Winamax-Winamax EXPLORER(1125212607)(#026)-20260709193625-55.png)
   [dry] MESA  site=Winamax   captured_at=2026-07-09T19:44:34  → /api/table-ss/upload folder_tag=icm-pko  (Winamax-Winamax EXPLORER(1125212607)(#026)-20260709194434-63.png)
   [dry] MESA  site=Winamax   captured_at=2026-07-09T19:46:13  → /api/table-ss/upload folder_tag=icm-pko  (Winamax-Winamax EXPLORER(1125212607)(#026)-20260709194613-65.png)
   [dry] MESA  site=Winamax   captured_at=2026-07-09T18:05:56  → /api/table-ss/upload folder_tag=icm-pko  (Winamax-Winamax GRAVITY(1125219134)(#0005)-20260709180556-13.png)
   [dry] MESA  site=Winamax   captured_at=2026-07-09T18:38:57  → /api/table-ss/upload folder_tag=icm-pko  (Winamax-Winamax GRAVITY(1125219134)(#0005)-20260709183857-24.png)
   [dry] MESA  site=Winamax   captured_at=2026-07-09T18:48:24  → /api/table-ss/upload folder_tag=icm-pko  (Winamax-Winamax GRAVITY(1125219134)(#0005)-20260709184824-26.png)
   [dry] MESA  site=Winamax   captured_at=2026-07-09T19:02:14  → /api/table-ss/upload folder_tag=icm-pko  (Winamax-Winamax GRAVITY(1125219134)(#0005)-20260709190214-31.png)
   [dry] MESA  site=Winamax   captured_at=2026-07-09T19:39:25  → /api/table-ss/upload folder_tag=icm-pko  (Winamax-Winamax GRAVITY(1125219134)(#0005)-20260709193925-59.png)
   [dry] MESA  site=Winamax   captured_at=2026-07-09T20:18:51  → /api/table-ss/upload folder_tag=icm-pko  (Winamax-Winamax INTERSTELLAR(1125219400)(#003)-20260709201851-70.png)
   [dry] MESA  site=Winamax   captured_at=2026-07-09T20:38:08  → /api/table-ss/upload folder_tag=icm-pko  (Winamax-Winamax INTERSTELLAR(1125219400)(#003)-20260709203808-77.png)
   [dry] MESA  site=Winamax   captured_at=2026-07-09T20:41:00  → /api/table-ss/upload folder_tag=icm-pko  (Winamax-Winamax INTERSTELLAR(1125219400)(#003)-20260709204100-78.png)
   [dry] MESA  site=Winamax   captured_at=2026-07-09T18:15:15  → /api/table-ss/upload folder_tag=icm-pko  (Winamax-Winamax ODYSSEY(1125221618)(#019)-20260709181515-17.png)
   [dry] MESA  site=Winamax   captured_at=2026-07-09T18:18:36  → /api/table-ss/upload folder_tag=icm-pko  (Winamax-Winamax ODYSSEY(1125221618)(#019)-20260709181836-19.png)
   [dry] MESA  site=Winamax   captured_at=2026-07-09T18:18:56  → /api/table-ss/upload folder_tag=icm-pko  (Winamax-Winamax ODYSSEY(1125221618)(#019)-20260709181856-20.png)
   [dry] MESA  site=Winamax   captured_at=2026-07-09T18:10:53  → /api/table-ss/upload folder_tag=icm-pko  (Winamax-Winamax ZENITH(1125222246)(#004)-20260709181053-16.png)
── it/Lobbys  ⚠ subpasta fora da tabela de tradução (IT_FOLDER_TAGS) → processada SEM tag
── it/Lobbys  (Intuitive Tables — routing por nome)  — 0 ficheiro(s)
── it/NPKO Pos  (Intuitive Tables — routing por nome  tag=pos-nko)  — 2 ficheiro(s)
   [dry] MESA  site=GGPoker   captured_at=2026-07-09T17:21:07  → /api/table-ss/upload folder_tag=pos-nko  (GGPoker-Daily Hyper $50 _ Buy-in $50 - Blinds 200 _ 400 - Table 6_!)@(#_$&%^_6163308722-20260709172107-5.png)
   [dry] MESA  site=GGPoker   captured_at=2026-07-09T18:53:15  → /api/table-ss/upload folder_tag=pos-nko  (GGPoker-Forty Stack $44 _ Buy-in $44 - Blinds 2,000 _ 4,000 - Table 2_!)@(#_$&%^_6163236701-20260709185315-29.png)
── it/Nota  (Intuitive Tables — routing por nome  tag=nota)  — 5 ficheiro(s)
   [dry] MESA  site=GGPoker   captured_at=2026-07-09T20:45:11  → /api/table-ss/upload folder_tag=nota  (GGPoker-$54 Bounty Hunters Daily Main [Classic] _ Buy-in $54 - Blinds 1,500 _ 3,000 - Table 149_!)@(#_$&%^_6-20260709204511-80.png)
   [dry] MESA  site=GGPoker   captured_at=2026-07-09T20:47:00  → /api/table-ss/upload folder_tag=nota  (GGPoker-$54 Bounty Hunters Daily Main [Classic] _ Buy-in $54 - Blinds 1,750 _ 3,500 - Table 149_!)@(#_$&%^_6-20260709204700-81.png)
   [dry] MESA  site=GGPoker   captured_at=2026-07-09T18:09:37  → /api/table-ss/upload folder_tag=nota  (GGPoker-Bounty Hunters Deepstack Turbo $32 _ Buy-in $32 - Blinds 150 _ 300 - Table 69_!)@(#_$&%^_6163767201-20260709180937-15.png)
   [dry] MESA  site=GGPoker   captured_at=2026-07-09T19:56:01  → /api/table-ss/upload folder_tag=nota  (GGPoker-Daily Hyper $50 _ Buy-in $50 - Blinds 80 _ 160 - Table 7_!)@(#_$&%^_6163866026-20260709195601-67.png)
   [dry] MESA  site=GGPoker   captured_at=2026-07-09T19:08:46  → /api/table-ss/upload folder_tag=nota  (GGPoker-Forty Stack $44 _ Buy-in $44 - Blinds 2,500 _ 5,000 - Table 2_!)@(#_$&%^_6163236955-20260709190846-37.png)
── it/PKO Pos  (Intuitive Tables — routing por nome  tag=pos-pko)  — 10 ficheiro(s)
   [dry] MESA  site=GGPoker   captured_at=2026-07-09T22:24:43  → /api/table-ss/upload folder_tag=pos-pko  (GGPoker-$54 Bounty Hunters Daily Main [Classic] _ Buy-in $54 - Blinds 12,500 _ 25,000 - Table 203_!)@(#_$&%^-20260709222443-88.png)
   [dry] MESA  site=GGPoker   captured_at=2026-07-09T22:30:35  → /api/table-ss/upload folder_tag=pos-pko  (GGPoker-$54 Bounty Hunters Daily Main [Classic] _ Buy-in $54 - Blinds 15,000 _ 30,000 - Table 203_!)@(#_$&%^-20260709223035-91.png)
   [dry] MESA  site=GGPoker   captured_at=2026-07-09T18:03:28  → /api/table-ss/upload folder_tag=pos-pko  (GGPoker-$54 Bounty Hunters Daily Main [Classic] _ Buy-in $54 - Blinds 150 _ 300 - Table 149_!)@(#_$&%^_61638-20260709180328-12.png)
   [dry] MESA  site=GGPoker   captured_at=2026-07-09T18:07:43  → /api/table-ss/upload folder_tag=pos-pko  (GGPoker-$54 Bounty Hunters Daily Main [Classic] _ Buy-in $54 - Blinds 150 _ 300 - Table 149_!)@(#_$&%^_61638-20260709180743-14.png)
   [dry] MESA  site=GGPoker   captured_at=2026-07-09T18:43:44  → /api/table-ss/upload folder_tag=pos-pko  (GGPoker-$54 Bounty Hunters Daily Main [Classic] _ Buy-in $54 - Blinds 300 _ 600 - Table 149_!)@(#_$&%^_61638-20260709184344-25.png)
   [dry] MESA  site=GGPoker   captured_at=2026-07-09T21:44:04  → /api/table-ss/upload folder_tag=pos-pko  (GGPoker-$54 Bounty Hunters Daily Main [Classic] _ Buy-in $54 - Blinds 5,000 _ 10,000 - Table 149_!)@(#_$&%^-20260709214404-84.png)
   [dry] MESA  site=GGPoker   captured_at=2026-07-09T21:46:23  → /api/table-ss/upload folder_tag=pos-pko  (GGPoker-$54 Bounty Hunters Daily Main [Classic] _ Buy-in $54 - Blinds 5,000 _ 10,000 - Table 149_!)@(#_$&%^-20260709214623-85.png)
   [dry] MESA  site=GGPoker   captured_at=2026-07-09T19:27:27  → /api/table-ss/upload folder_tag=pos-pko  (GGPoker-$54 Bounty Hunters Daily Main [Classic] _ Buy-in $54 - Blinds 500 _ 1,000 - Table 149_!)@(#_$&%^_616-20260709192727-52.png)
   [dry] MESA  site=GGPoker   captured_at=2026-07-09T18:21:59  → /api/table-ss/upload folder_tag=pos-pko  (GGPoker-Bounty Hunters Deepstack Turbo $32 _ Buy-in $32 - Blinds 250 _ 500 - Table 69_!)@(#_$&%^_6163767780-20260709182159-21.png)
   [dry] MESA  site=GGPoker   captured_at=2026-07-09T19:51:05  → /api/table-ss/upload folder_tag=pos-pko  (GGPoker-Bounty Hunters Deepstack Turbo $54 _ Buy-in $54 - Blinds 125 _ 250 - Table 36_!)@(#_$&%^_6163608994-20260709195105-66.png)
── it/SpeedRacer  (Intuitive Tables — routing por nome  tag=speed-racer)  — 23 ficheiro(s)
   [dry] MESA  site=GGPoker   captured_at=2026-07-02T17:03:08  → /api/table-ss/upload folder_tag=speed-racer  (GGPoker-Bounty Hunters Special $150 _ Buy-in $150 - Blinds 60 _ 120 - Table 10_!)@(#_$&%^_6138652474-20260702170308-1.png)
   [dry] MESA  site=GGPoker   captured_at=2026-07-09T19:35:16  → /api/table-ss/upload folder_tag=speed-racer  (GGPoker-Speed Racer Bounty $108 [10 BB] _ Buy-in $108 - Blinds 1,250 _ 2,500 - Table 4_!)@(#_$&%^_6164821599-20260709193516-53.png)
   [dry] MESA  site=GGPoker   captured_at=2026-07-09T19:39:54  → /api/table-ss/upload folder_tag=speed-racer  (GGPoker-Speed Racer Bounty $108 [10 BB] _ Buy-in $108 - Blinds 2,000 _ 4,000 - Table 4_!)@(#_$&%^_6164821963-20260709193954-61.png)
   [dry] MESA  site=GGPoker   captured_at=2026-07-09T19:45:29  → /api/table-ss/upload folder_tag=speed-racer  (GGPoker-Speed Racer Bounty $108 [10 BB] _ Buy-in $108 - Blinds 4,000 _ 8,000 - Table 4_!)@(#_$&%^_6164822338-20260709194529-64.png)
   [dry] MESA  site=GGPoker   captured_at=2026-07-02T19:26:12  → /api/table-ss/upload folder_tag=speed-racer  (GGPoker-Speed Racer Bounty $108 [10 BB] _ Buy-in $108 - Blinds 500 _ 1,000 - Table 15_!)@(#_$&%^_6138747688-20260702192612-108.png)
   [dry] MESA  site=GGPoker   captured_at=2026-07-09T19:23:42  → /api/table-ss/upload folder_tag=speed-racer  (GGPoker-Speed Racer Bounty $108 [10 BB] _ Buy-in $108 - Blinds 500 _ 1,000 - Table 4_!)@(#_$&%^_6164820736-20260709192342-50.png)
   [dry] MESA  site=GGPoker   captured_at=2026-07-02T17:35:25  → /api/table-ss/upload folder_tag=speed-racer  (GGPoker-Speed Racer Bounty $32 [10 BB] _ Buy-in $32 - Blinds 1,250 _ 2,500 - Table 44_!)@(#_$&%^_6139169391-20260702173525-31.png)
   [dry] MESA  site=GGPoker   captured_at=2026-07-02T17:37:54  → /api/table-ss/upload folder_tag=speed-racer  (GGPoker-Speed Racer Bounty $32 [10 BB] _ Buy-in $32 - Blinds 1,500 _ 3,000 - Table 7_!)@(#_$&%^_6138218069-20260702173754-33.png)
   [dry] MESA  site=GGPoker   captured_at=2026-07-09T17:39:12  → /api/table-ss/upload folder_tag=speed-racer  (GGPoker-Speed Racer Bounty $32 [10 BB] _ Buy-in $32 - Blinds 2,000 _ 4,000 - Table 22_!)@(#_$&%^_6164048372-20260709173912-9.png)
   [dry] MESA  site=GGPoker   captured_at=2026-07-09T17:40:05  → /api/table-ss/upload folder_tag=speed-racer  (GGPoker-Speed Racer Bounty $32 [10 BB] _ Buy-in $32 - Blinds 2,000 _ 4,000 - Table 22_!)@(#_$&%^_6164048405-20260709174005-10.png)
   [dry] MESA  site=GGPoker   captured_at=2026-07-09T17:40:41  → /api/table-ss/upload folder_tag=speed-racer  (GGPoker-Speed Racer Bounty $32 [10 BB] _ Buy-in $32 - Blinds 2,500 _ 5,000 - Table 22_!)@(#_$&%^_6164048421-20260709174041-11.png)
   [dry] MESA  site=GGPoker   captured_at=2026-07-02T17:44:06  → /api/table-ss/upload folder_tag=speed-racer  (GGPoker-Speed Racer Bounty $32 [10 BB] _ Buy-in $32 - Blinds 3,000 _ 6,000 - Table 7_!)@(#_$&%^_6138218252-20260702174406-38.png)
   [dry] MESA  site=GGPoker   captured_at=2026-07-09T17:12:11  → /api/table-ss/upload folder_tag=speed-racer  (GGPoker-Speed Racer Bounty $32 [10 BB] _ Buy-in $32 - Blinds 500 _ 1,000 - Table 22_!)@(#_$&%^_6164046957-20260709171211-2.png)
   [dry] MESA  site=GGPoker   captured_at=2026-07-09T19:16:29  → /api/table-ss/upload folder_tag=speed-racer  (GGPoker-Speed Racer Bounty $32 [10 BB] _ Buy-in $32 - Blinds 500 _ 1,000 - Table 39_!)@(#_$&%^_6164779652-20260709191629-44.png)
   [dry] MESA  site=GGPoker   captured_at=2026-07-02T17:12:22  → /api/table-ss/upload folder_tag=speed-racer  (GGPoker-Speed Racer Bounty $32 [10 BB] _ Buy-in $32 - Blinds 500 _ 1,000 - Table 44_!)@(#_$&%^_6137938575-20260702171222-6.png)
   [dry] MESA  site=GGPoker   captured_at=2026-07-02T17:14:39  → /api/table-ss/upload folder_tag=speed-racer  (GGPoker-Speed Racer Bounty $32 [10 BB] _ Buy-in $32 - Blinds 500 _ 1,000 - Table 44_!)@(#_$&%^_6137938668-20260702171439-12.png)
   [dry] MESA  site=GGPoker   captured_at=2026-07-02T17:15:21  → /api/table-ss/upload folder_tag=speed-racer  (GGPoker-Speed Racer Bounty $32 [10 BB] _ Buy-in $32 - Blinds 500 _ 1,000 - Table 44_!)@(#_$&%^_6137938701-20260702171521-14.png)
   [dry] MESA  site=GGPoker   captured_at=2026-07-02T17:16:22  → /api/table-ss/upload folder_tag=speed-racer  (GGPoker-Speed Racer Bounty $32 [10 BB] _ Buy-in $32 - Blinds 500 _ 1,000 - Table 44_!)@(#_$&%^_6137938737-20260702171622-16.png)
   [dry] MESA  site=GGPoker   captured_at=2026-07-02T20:39:46  → /api/table-ss/upload folder_tag=speed-racer  (GGPoker-Speed Racer Bounty Europe $108 [10 BB] _ Buy-in $108 - Blinds 2,000 _ 4,000 - Table 20_!)@(#_$&%^_61-20260702203946-147.png)
   [dry] MESA  site=GGPoker   captured_at=2026-07-02T17:13:08  → /api/table-ss/upload folder_tag=speed-racer  (GGPoker-Speed Racer Bounty Europe $108 [10 BB] _ Buy-in $108 - Blinds 500 _ 1,000 - Table 15_!)@(#_$&%^_6138-20260702171308-8.png)
   [dry] MESA  site=GGPoker   captured_at=2026-07-09T20:19:40  → /api/table-ss/upload folder_tag=speed-racer  (GGPoker-Speed Racer Bounty Europe $108 [10 BB] _ Buy-in $108 - Blinds 500 _ 1,000 - Table 7_!)@(#_$&%^_61641-20260709201940-72.png)
   [dry] MESA  site=GGPoker   captured_at=2026-07-09T20:21:40  → /api/table-ss/upload folder_tag=speed-racer  (GGPoker-Speed Racer Bounty Europe $108 [10 BB] _ Buy-in $108 - Blinds 500 _ 1,000 - Table 7_!)@(#_$&%^_61641-20260709202140-74.png)
   [dry] MESA  site=GGPoker   captured_at=2026-07-02T20:32:12  → /api/table-ss/upload folder_tag=speed-racer  (GGPoker-Speed Racer Bounty Europe $108 [10 BB] _ Buy-in $108 - Blinds 750 _ 1,500 - Table 22_!)@(#_$&%^_6139-20260702203212-141.png)
── it/SpeedRacer FT  (Intuitive Tables — routing por nome  tag=speed-racer-ft)  — 0 ficheiro(s)

════════════════════════════════════════════════════════
RESUMO  (DRY-RUN — nada enviado)
════════════════════════════════════════════════════════
  gg_hh    plano=0  falhas=0
  gg_ts    plano=0  falhas=0
  manual   plano=0  falhas=0
  it       mesa=86  lobby=22  não-lobby=0  skip=0  retry=0  falhas=0
  lobby    lobbies=0  não-lobby=0  falhas=0   (subpasta drop-only)
────────────────────────────────────────────────────────
  TOTAL plano (would-send)=108  falhas=0

  (dry-run) Volta a correr com --ao-vivo para enviar a sério.
---------------------------------------- 
